<?xml version="1.0" encoding="UTF-8"?>
<testng-results ignored="0" total="1" passed="1" failed="0" skipped="0">
  <reporter-output>
  </reporter-output>
  <suite started-at="2023-07-13T14:21:39 IST" name="Default suite" finished-at="2023-07-13T14:21:47 IST" duration-ms="8066">
    <groups>
    </groups>
    <test started-at="2023-07-13T14:21:39 IST" name="Default test" finished-at="2023-07-13T14:21:47 IST" duration-ms="8066">
      <class name="com.aarya.misal.JarTest">
        <test-method is-config="true" signature="setUp()[pri:0, instance:com.aarya.misal.JarTest@3dddbe65]" started-at="2023-07-13T14:21:39 IST" name="setUp" finished-at="2023-07-13T14:21:39 IST" duration-ms="13" status="PASS">
          <reporter-output>
          </reporter-output>
        </test-method> <!-- setUp -->
        <test-method signature="exampleTest()[pri:0, instance:com.aarya.misal.JarTest@3dddbe65]" started-at="2023-07-13T14:21:39 IST" name="exampleTest" finished-at="2023-07-13T14:21:47 IST" duration-ms="7621" status="PASS">
          <reporter-output>
          </reporter-output>
        </test-method> <!-- exampleTest -->
        <test-method is-config="true" signature="tearDown()[pri:0, instance:com.aarya.misal.JarTest@3dddbe65]" started-at="2023-07-13T14:21:47 IST" name="tearDown" finished-at="2023-07-13T14:21:47 IST" duration-ms="372" status="PASS">
          <reporter-output>
          </reporter-output>
        </test-method> <!-- tearDown -->
      </class> <!-- com.aarya.misal.JarTest -->
    </test> <!-- Default test -->
  </suite> <!-- Default suite -->
</testng-results>
