<?xml version="1.0" encoding="UTF-8"?>
<testng-results ignored="0" total="1" passed="1" failed="0" skipped="0">
  <reporter-output>
  </reporter-output>
  <suite started-at="2023-07-13T15:18:14 IST" name="Default suite" finished-at="2023-07-13T15:18:22 IST" duration-ms="8113">
    <groups>
    </groups>
    <test started-at="2023-07-13T15:18:14 IST" name="Default test" finished-at="2023-07-13T15:18:22 IST" duration-ms="8113">
      <class name="com.aarya.misal.JarTest">
        <test-method is-config="true" signature="setUp()[pri:0, instance:com.aarya.misal.JarTest@187eb9a8]" started-at="2023-07-13T15:18:14 IST" name="setUp" finished-at="2023-07-13T15:18:14 IST" duration-ms="14" status="PASS">
          <reporter-output>
          </reporter-output>
        </test-method> <!-- setUp -->
        <test-method signature="exampleTest()[pri:0, instance:com.aarya.misal.JarTest@187eb9a8]" started-at="2023-07-13T15:18:14 IST" name="exampleTest" finished-at="2023-07-13T15:18:21 IST" duration-ms="7651" status="PASS">
          <reporter-output>
          </reporter-output>
        </test-method> <!-- exampleTest -->
        <test-method is-config="true" signature="tearDown()[pri:0, instance:com.aarya.misal.JarTest@187eb9a8]" started-at="2023-07-13T15:18:21 IST" name="tearDown" finished-at="2023-07-13T15:18:22 IST" duration-ms="389" status="PASS">
          <reporter-output>
          </reporter-output>
        </test-method> <!-- tearDown -->
      </class> <!-- com.aarya.misal.JarTest -->
    </test> <!-- Default test -->
  </suite> <!-- Default suite -->
</testng-results>
